<?xml version="1.0" encoding="UTF-8"?>
<!-- Generated by org.testng.reporters.JUnitReportReporter -->
<testsuite skipped="0" hostname="Manoj" name="org.test.parameters.Facebook" tests="3" failures="0" timestamp="08 Jan 2022 06:57:11 GMT" time="4.768" errors="0">
  <testcase name="test3" time="1.349" classname="org.test.parameters.Facebook"/>
  <testcase name="test2" time="0.004" classname="org.test.parameters.Facebook"/>
  <testcase name="test1" time="3.415" classname="org.test.parameters.Facebook"/>
</testsuite> <!-- org.test.parameters.Facebook -->
