<?xml version="1.0" encoding="UTF-8"?>
<!-- Generated by org.testng.reporters.JUnitReportReporter -->
<testsuite skipped="0" hostname="Manoj" name="org.test.B" tests="3" failures="0" timestamp="02 Jan 2022 07:15:22 GMT" time="0.003" errors="0">
  <testcase name="testB2" time="0.001" classname="org.test.B"/>
  <testcase name="testB3" time="0.001" classname="org.test.B"/>
  <testcase name="testB1" time="0.001" classname="org.test.B"/>
</testsuite> <!-- org.test.B -->
