<?xml version="1.0" encoding="UTF-8"?>
<!-- Generated by org.testng.reporters.JUnitReportReporter -->
<testsuite skipped="0" hostname="Manoj" name="org.test.dataprovider.ExcelData" tests="2" failures="0" timestamp="13 Feb 2022 07:03:58 GMT" time="0.015" errors="0">
  <testcase name="test" time="0.001" classname="org.test.dataprovider.ExcelData"/>
  <testcase name="test" time="0.014" classname="org.test.dataprovider.ExcelData"/>
</testsuite> <!-- org.test.dataprovider.ExcelData -->
