<?xml version="1.0" encoding="UTF-8"?>
<!-- Generated by org.testng.reporters.JUnitReportReporter -->
<testsuite skipped="0" hostname="Manoj" name="org.test.groups.B" tests="1" failures="0" timestamp="09 Jan 2022 06:25:46 GMT" time="0.002" errors="0">
  <testcase name="testB3" time="0.002" classname="org.test.groups.B"/>
</testsuite> <!-- org.test.groups.B -->
