<?xml version="1.0" encoding="UTF-8"?>
<!-- Generated by org.testng.reporters.JUnitReportReporter -->
<testsuite skipped="0" hostname="Manoj" name="org.test.parallel.C" tests="6" failures="0" timestamp="12 Feb 2022 04:21:13 GMT" time="0.013" errors="0">
  <testcase name="testC2" time="0.002" classname="org.test.parallel.C"/>
  <testcase name="testC2" time="0.002" classname="org.test.parallel.C"/>
  <testcase name="testC3" time="0.004" classname="org.test.parallel.C"/>
  <testcase name="testC3" time="0.001" classname="org.test.parallel.C"/>
  <testcase name="testC1" time="0.002" classname="org.test.parallel.C"/>
  <testcase name="testC1" time="0.002" classname="org.test.parallel.C"/>
</testsuite> <!-- org.test.parallel.C -->
