<?xml version="1.0" encoding="UTF-8"?>
<!-- Generated by org.testng.reporters.JUnitReportReporter -->
<testsuite skipped="0" hostname="Manoj" name="org.test.parameters.A" tests="6" failures="0" timestamp="08 Jan 2022 07:06:45 GMT" time="0.028" errors="0">
  <testcase name="testA2" time="0.001" classname="org.test.parameters.A"/>
  <testcase name="testA3" time="0.004" classname="org.test.parameters.A"/>
  <testcase name="testA3" time="0.000" classname="org.test.parameters.A"/>
  <testcase name="testA2" time="0.003" classname="org.test.parameters.A"/>
  <testcase name="testA1" time="0.018" classname="org.test.parameters.A"/>
  <testcase name="testA1" time="0.002" classname="org.test.parameters.A"/>
</testsuite> <!-- org.test.parameters.A -->
