<?xml version="1.0" encoding="UTF-8"?>
<!-- Generated by org.testng.reporters.JUnitReportReporter -->
<testsuite skipped="0" hostname="Manoj" name="org.test.C" tests="3" failures="0" timestamp="02 Jan 2022 07:15:22 GMT" time="0.002" errors="0">
  <testcase name="testC3" time="0.000" classname="org.test.C"/>
  <testcase name="testC1" time="0.001" classname="org.test.C"/>
  <testcase name="testC2" time="0.001" classname="org.test.C"/>
</testsuite> <!-- org.test.C -->
