<?xml version="1.0" encoding="UTF-8"?>
<!-- Generated by org.testng.reporters.JUnitReportReporter -->
<testsuite skipped="0" hostname="Manoj" name="org.test.Facebook" tests="3" failures="0" timestamp="02 Jan 2022 06:44:31 GMT" time="3.032" errors="0">
  <testcase name="test3" time="1.090" classname="org.test.Facebook"/>
  <testcase name="test1" time="1.939" classname="org.test.Facebook"/>
  <testcase name="test2" time="0.003" classname="org.test.Facebook"/>
</testsuite> <!-- org.test.Facebook -->
