<?xml version="1.0" encoding="UTF-8"?>
<!-- Generated by org.testng.reporters.JUnitReportReporter -->
<testsuite skipped="0" hostname="Manoj" name="org.test.parallel.B" tests="6" failures="0" timestamp="12 Feb 2022 04:21:13 GMT" time="0.021" errors="0">
  <testcase name="testB2" time="0.004" classname="org.test.parallel.B"/>
  <testcase name="testB1" time="0.003" classname="org.test.parallel.B"/>
  <testcase name="testB3" time="0.002" classname="org.test.parallel.B"/>
  <testcase name="testB3" time="0.004" classname="org.test.parallel.B"/>
  <testcase name="testB1" time="0.003" classname="org.test.parallel.B"/>
  <testcase name="testB2" time="0.005" classname="org.test.parallel.B"/>
</testsuite> <!-- org.test.parallel.B -->
