<?xml version="1.0" encoding="UTF-8"?>
<!-- Generated by org.testng.reporters.JUnitReportReporter -->
<testsuite skipped="1" hostname="Manoj" name="org.test.Sample" tests="7" failures="0" timestamp="02 Jan 2022 06:30:47 GMT" time="0.022" errors="0">
  <testcase name="test1" time="0.006" classname="org.test.Sample"/>
  <testcase name="test3" time="0.003" classname="org.test.Sample"/>
  <testcase name="test3" time="0.003" classname="org.test.Sample"/>
  <testcase name="test3" time="0.002" classname="org.test.Sample"/>
  <testcase name="test3" time="0.005" classname="org.test.Sample"/>
  <testcase name="test3" time="0.003" classname="org.test.Sample"/>
  <testcase name="test2" classname="org.test.Sample">
    <skipped/>
  </testcase> <!-- test2 -->
</testsuite> <!-- org.test.Sample -->
