<?xml version="1.0" encoding="UTF-8"?>
<!-- Generated by org.testng.reporters.JUnitReportReporter -->
<testsuite skipped="0" hostname="Manoj" name="org.test.groups.A" tests="1" failures="0" timestamp="09 Jan 2022 06:25:46 GMT" time="0.018" errors="0">
  <testcase name="testA8" time="0.018" classname="org.test.groups.A"/>
</testsuite> <!-- org.test.groups.A -->
