<?xml version="1.0" encoding="UTF-8"?>
<!-- Generated by org.testng.reporters.JUnitReportReporter -->
<testsuite skipped="0" hostname="Manoj" name="org.test.A" tests="3" failures="0" timestamp="13 Feb 2022 07:30:53 GMT" time="0.021" errors="0">
  <testcase name="testA3" time="0.002" classname="org.test.A"/>
  <testcase name="testA1" time="0.017" classname="org.test.A"/>
  <testcase name="testA2" time="0.002" classname="org.test.A"/>
</testsuite> <!-- org.test.A -->
