<?xml version="1.0" encoding="UTF-8"?>
<!-- Generated by org.testng.reporters.JUnitReportReporter -->
<testsuite skipped="0" hostname="Manoj" name="org.test.dataprovider.Facebook" tests="9" failures="0" timestamp="08 Jan 2022 07:22:56 GMT" time="34.759" errors="0">
  <testcase name="test3" time="6.683" classname="org.test.dataprovider.Facebook"/>
  <testcase name="test1" time="3.023" classname="org.test.dataprovider.Facebook"/>
  <testcase name="test1" time="2.091" classname="org.test.dataprovider.Facebook"/>
  <testcase name="test2" time="0.003" classname="org.test.dataprovider.Facebook"/>
  <testcase name="test3" time="1.310" classname="org.test.dataprovider.Facebook"/>
  <testcase name="test3" time="15.973" classname="org.test.dataprovider.Facebook"/>
  <testcase name="test3" time="1.939" classname="org.test.dataprovider.Facebook"/>
  <testcase name="test1" time="1.902" classname="org.test.dataprovider.Facebook"/>
  <testcase name="test1" time="1.835" classname="org.test.dataprovider.Facebook"/>
</testsuite> <!-- org.test.dataprovider.Facebook -->
