<?xml version="1.0" encoding="UTF-8"?>
<!-- Generated by org.testng.reporters.JUnitReportReporter -->
<testsuite skipped="0" hostname="Manoj" name="org.test.dataprovider.A" tests="4" failures="0" timestamp="16 Jan 2022 08:02:35 GMT" time="0.023" errors="0">
  <testcase name="testA1" time="0.011" classname="org.test.dataprovider.A"/>
  <testcase name="testA1" time="0.011" classname="org.test.dataprovider.A"/>
  <testcase name="testA2" time="0.000" classname="org.test.dataprovider.A"/>
  <testcase name="testA3" time="0.001" classname="org.test.dataprovider.A"/>
</testsuite> <!-- org.test.dataprovider.A -->
