<?xml version="1.0" encoding="UTF-8"?>
<!-- Generated by org.testng.reporters.JUnitReportReporter -->
<testsuite skipped="0" hostname="Manoj" name="org.test.paramaeter.Facebook" tests="3" failures="0" timestamp="05 Jan 2022 17:23:25 GMT" time="3.022" errors="0">
  <testcase name="test3" time="1.165" classname="org.test.paramaeter.Facebook"/>
  <testcase name="test1" time="1.856" classname="org.test.paramaeter.Facebook"/>
  <testcase name="test2" time="0.001" classname="org.test.paramaeter.Facebook"/>
</testsuite> <!-- org.test.paramaeter.Facebook -->
