<?xml version="1.0" encoding="UTF-8"?>
<!-- Generated by org.testng.reporters.JUnitReportReporter -->
<testsuite skipped="0" hostname="Manoj" name="org.test.parallel.A" tests="6" failures="0" timestamp="12 Feb 2022 04:21:13 GMT" time="0.047" errors="0">
  <testcase name="testA1" time="0.017" classname="org.test.parallel.A"/>
  <testcase name="testA2" time="0.005" classname="org.test.parallel.A"/>
  <testcase name="testA3" time="0.002" classname="org.test.parallel.A"/>
  <testcase name="testA1" time="0.017" classname="org.test.parallel.A"/>
  <testcase name="testA2" time="0.003" classname="org.test.parallel.A"/>
  <testcase name="testA3" time="0.003" classname="org.test.parallel.A"/>
</testsuite> <!-- org.test.parallel.A -->
