<?xml version="1.0" encoding="UTF-8"?>
<!-- Generated by org.testng.reporters.JUnitReportReporter -->
<testsuite skipped="0" hostname="Manoj" name="org.test.paramaeter.A" tests="6" failures="0" timestamp="05 Jan 2022 17:32:40 GMT" time="0.032" errors="0">
  <testcase name="testA2" time="0.002" classname="org.test.paramaeter.A"/>
  <testcase name="testA3" time="0.005" classname="org.test.paramaeter.A"/>
  <testcase name="testA3" time="0.002" classname="org.test.paramaeter.A"/>
  <testcase name="testA2" time="0.003" classname="org.test.paramaeter.A"/>
  <testcase name="testA1" time="0.016" classname="org.test.paramaeter.A"/>
  <testcase name="testA1" time="0.004" classname="org.test.paramaeter.A"/>
</testsuite> <!-- org.test.paramaeter.A -->
