<?xml version="1.0" encoding="UTF-8"?>
<!-- Generated by org.testng.reporters.JUnitReportReporter -->
<testsuite skipped="0" hostname="Manoj" name="org.test.cross.A" tests="9" failures="0" timestamp="12 Feb 2022 04:33:42 GMT" time="0.023" errors="0">
  <testcase name="testA2" time="0.001" classname="org.test.cross.A"/>
  <testcase name="testA1" time="0.007" classname="org.test.cross.A"/>
  <testcase name="testA3" time="0.002" classname="org.test.cross.A"/>
  <testcase name="testA3" time="0.002" classname="org.test.cross.A"/>
  <testcase name="testA2" time="0.002" classname="org.test.cross.A"/>
  <testcase name="testA2" time="0.002" classname="org.test.cross.A"/>
  <testcase name="testA1" time="0.003" classname="org.test.cross.A"/>
  <testcase name="testA3" time="0.002" classname="org.test.cross.A"/>
  <testcase name="testA1" time="0.002" classname="org.test.cross.A"/>
</testsuite> <!-- org.test.cross.A -->
