<?xml version="1.0" encoding="UTF-8"?>
<!-- Generated by org.testng.reporters.JUnitReportReporter -->
<testsuite skipped="0" hostname="Manoj" name="org.test.rerun.C" tests="3" failures="0" timestamp="19 Jan 2022 05:00:43 GMT" time="0.003" errors="0">
  <testcase name="testC3" time="0.001" classname="org.test.rerun.C"/>
  <testcase name="testC2" time="0.001" classname="org.test.rerun.C"/>
  <testcase name="testC1" time="0.001" classname="org.test.rerun.C"/>
</testsuite> <!-- org.test.rerun.C -->
